<?xml version="1.0" encoding="utf-8"?><testsuites name="pytest tests"><testsuite name="pytest" errors="0" failures="0" skipped="0" tests="37" time="6.946" timestamp="2026-06-11T05:18:44.882380+00:00" hostname="agent-env-7edc3908-7f19-43db-97df-2ec82d0fc71d"><testcase classname="backend.tests.test_admin_api.TestAuth" name="test_login_success" time="0.455" /><testcase classname="backend.tests.test_admin_api.TestAuth" name="test_login_wrong_password" time="0.325" /><testcase classname="backend.tests.test_admin_api.TestAuth" name="test_me_without_token" time="0.107" /><testcase classname="backend.tests.test_admin_api.TestAuth" name="test_me_with_token" time="0.446" /><testcase classname="backend.tests.test_admin_api.TestAuth" name="test_admin_endpoint_without_token" time="0.098" /><testcase classname="backend.tests.test_admin_api.TestAuth" name="test_admin_endpoint_with_bad_token" time="0.121" /><testcase classname="backend.tests.test_admin_api.TestStats" name="test_stats_returns_all_counters" time="0.110" /><testcase classname="backend.tests.test_admin_api.TestGallerySeed" name="test_three_batch749_photos_present" time="0.126" /><testcase classname="backend.tests.test_admin_api.TestEventsCRUD" name="test_create_event" time="0.146" /><testcase classname="backend.tests.test_admin_api.TestEventsCRUD" name="test_event_visible_on_public" time="0.111" /><testcase classname="backend.tests.test_admin_api.TestEventsCRUD" name="test_update_event" time="0.251" /><testcase classname="backend.tests.test_admin_api.TestEventsCRUD" name="test_delete_event" time="0.226" /><testcase classname="backend.tests.test_admin_api.TestNewslettersCRUD" name="test_create" time="0.096" /><testcase classname="backend.tests.test_admin_api.TestNewslettersCRUD" name="test_visible_on_public" time="0.108" /><testcase classname="backend.tests.test_admin_api.TestNewslettersCRUD" name="test_update" time="0.234" /><testcase classname="backend.tests.test_admin_api.TestNewslettersCRUD" name="test_delete" time="0.199" /><testcase classname="backend.tests.test_admin_api.TestNoticesCRUD" name="test_create" time="0.104" /><testcase classname="backend.tests.test_admin_api.TestNoticesCRUD" name="test_visible_on_public" time="0.093" /><testcase classname="backend.tests.test_admin_api.TestNoticesCRUD" name="test_delete" time="0.107" /><testcase classname="backend.tests.test_admin_api.TestCommitteeCRUD" name="test_seeded_members_still_present" time="0.136" /><testcase classname="backend.tests.test_admin_api.TestCommitteeCRUD" name="test_create_extra" time="0.095" /><testcase classname="backend.tests.test_admin_api.TestCommitteeCRUD" name="test_update_extra" time="0.216" /><testcase classname="backend.tests.test_admin_api.TestCommitteeCRUD" name="test_delete_extra" time="0.196" /><testcase classname="backend.tests.test_admin_api.TestGalleryCRUD" name="test_create" time="0.104" /><testcase classname="backend.tests.test_admin_api.TestGalleryCRUD" name="test_visible_on_public" time="0.104" /><testcase classname="backend.tests.test_admin_api.TestGalleryCRUD" name="test_delete" time="0.102" /><testcase classname="backend.tests.test_admin_api.TestUpload" name="test_admin_upload_and_serve" time="0.589" /><testcase classname="backend.tests.test_admin_api.TestDirectoryApproval" name="test_public_submit_creates_pending" time="0.129" /><testcase classname="backend.tests.test_admin_api.TestDirectoryApproval" name="test_pending_not_on_public" time="0.114" /><testcase classname="backend.tests.test_admin_api.TestDirectoryApproval" name="test_pending_visible_to_admin" time="0.099" /><testcase classname="backend.tests.test_admin_api.TestDirectoryApproval" name="test_approve" time="0.099" /><testcase classname="backend.tests.test_admin_api.TestDirectoryApproval" name="test_appears_on_public_after_approve" time="0.098" /><testcase classname="backend.tests.test_admin_api.TestDirectoryApproval" name="test_reject_flow" time="0.468" /><testcase classname="backend.tests.test_admin_api.TestDirectoryApproval" name="test_delete_flow" time="0.297" /><testcase classname="backend.tests.test_admin_api.TestSubmissionsViewer" name="test_contact_endpoint" time="0.206" /><testcase classname="backend.tests.test_admin_api.TestSubmissionsViewer" name="test_library_endpoint" time="0.216" /><testcase classname="backend.tests.test_admin_api.TestSubmissionsViewer" name="test_event_registrations_endpoint" time="0.104" /></testsuite></testsuites>